<?xml version="1.0" encoding="UTF-8"?>
<!-- Generated by org.testng.reporters.JUnitReportReporter -->
<testsuite hostname="DESKTOP-HK24OL8" failures="0" tests="1" name="jsonproject.DemoTest" time="2.762" errors="0" timestamp="2021-09-19T10:54:55 IST" skipped="0">
  <testcase classname="jsonproject.DemoTest" name="testDemo" time="2.762"/>
  <system-out/>
</testsuite> <!-- jsonproject.DemoTest -->
